Start testing: Nov 12 06:18 UTC
----------------------------------------------------------
1/14 Testing: test_adaptive_level
1/14 Test: test_adaptive_level
Command: "/mnt/d/Research Experiments/TDPE_and_GPU_loading/NVComp with ZSTD/build/test_adaptive_level"
Directory: /mnt/d/Research Experiments/TDPE_and_GPU_loading/NVComp with ZSTD/build
"test_adaptive_level" start time: Nov 12 06:18 UTC
Output:
----------------------------------------------------------

========================================
CUDA ZSTD - Adaptive Level Selector Test Suite
========================================

Running on: NVIDIA GeForce RTX 5080 Laptop GPU
Compute Capability: 12.0

========================================
SUITE 1: Data Characteristic Analysis
========================================

[TEST] Random Data Detection
  [INFO] Recommended level: 3
  [INFO] Entropy: 8.00 bits
  [INFO] Repetition ratio: 0.00
  [INFO] Compressibility: 0.00
  [INFO] Is random: yes
  [INFO] Confidence: 85.00%
  [INFO] Reasoning: Data appears random (high entropy), using fast compression
  [PASS] Random Data Detection

[TEST] Highly Repetitive Data Detection
  [INFO] Recommended level: 6
  [INFO] Entropy: 2.00 bits
  [INFO] Repetition ratio: 0.00
  [INFO] Compressibility: 0.45
  [INFO] Has patterns: yes
  [INFO] Unique bytes: 0
  [INFO] Reasoning: Moderately compressible data, balanced level selected
  [FAIL] test_repetitive_data_detection: Should have high repetition ratio

[TEST] Text Data Detection
  [INFO] Recommended level: 3
  [INFO] Entropy: 4.05 bits
  [INFO] Repetition ratio: 0.00
  [INFO] Compressibility: 0.30
  [INFO] Reasoning: Low compressibility, prioritizing speed
  [FAIL] test_text_data_detection: Text should suggest medium compression level

[TEST] Binary Data Analysis
  [INFO] Recommended level: 3
  [INFO] Entropy: 4.73 bits
  [INFO] Compressibility: 0.35
  [INFO] Unique bytes: 0
  [INFO] Max run length: 4
  [INFO] Reasoning: Low compressibility, prioritizing speed
  [PASS] Binary Data Analysis

[TEST] Mixed Data Analysis
  [INFO] Recommended level: 3
  [INFO] Entropy: 6.87 bits
  [INFO] Repetition ratio: 0.00
  [INFO] Compressibility: 0.08
  [INFO] Reasoning: Low compressibility, prioritizing speed
  [FAIL] test_mixed_data_analysis: Mixed data should suggest balanced level

========================================
SUITE 2: Preference Mode Tests
========================================

[TEST] SPEED Preference Mode
  [INFO] Recommended level: 1
  [INFO] Reasoning: Low compressibility, prioritizing speed
  [PASS] SPEED Preference Mode

[TEST] BALANCED Preference Mode
  [INFO] Recommended level: 3
  [INFO] Reasoning: Low compressibility, prioritizing speed
  [PASS] BALANCED Preference Mode

[TEST] RATIO Preference Mode
  [INFO] Recommended level: 6
  [INFO] Reasoning: Low compressibility, prioritizing speed
  [FAIL] test_ratio_preference: RATIO mode should suggest high level (12-22)

[TEST] Preference Override for Incompressible Data
  [INFO] Recommended level (RATIO pref, random data): 3
  [INFO] Compressibility: 0.00
  [INFO] Reasoning: Data appears random (high entropy), using fast compression
  [PASS] Preference Override

========================================
SUITE 3: Compressibility Estimation
========================================

[TEST] Compressibility Estimation Accuracy
  [INFO] Testing: Random
  [INFO]   Estimated compressibility: 0.00
  [INFO]   Expected range: [0.00, 0.30]
  [INFO] Testing: Repetitive
  [INFO]   Estimated compressibility: 0.45
  [INFO]   Expected range: [0.80, 1.00]
  [FAIL] test_compressibility_accuracy: Repetitive compressibility out of expected range

[TEST] Predicted vs Actual Compression Ratio
  [INFO] Recommended level: 3
  [INFO] Predicted compressibility: 0.30
  [FAIL] test_actual_vs_predicted_ratio: Compression failed Status: ERROR_CUDA_ERROR

========================================
SUITE 4: Performance Tests
========================================

[TEST] Analysis Time Performance
  [FAIL] test_analysis_performance: Analysis failed for size 16384 Status: ERROR_INVALID_PARAMETER

[TEST] Sample Size Impact on Accuracy
  [FAIL] test_sample_size_impact: Analysis failed for sample size 4096 Status: ERROR_INVALID_PARAMETER

[TEST] Quick vs Thorough Analysis Mode
  [FAIL] test_quick_vs_thorough_mode: Quick analysis failed Status: ERROR_INVALID_PARAMETER

========================================
TEST RESULTS
========================================
Passed: 5/14
Failed: 9/14

âœ— SOME TESTS FAILED
========================================

<end of output>
Test time =   2.40 sec
----------------------------------------------------------
Test Failed.
"test_adaptive_level" end time: Nov 12 06:18 UTC
"test_adaptive_level" time elapsed: 00:00:02
----------------------------------------------------------

2/14 Testing: test_basic_profile
2/14 Test: test_basic_profile
Command: "/mnt/d/Research Experiments/TDPE_and_GPU_loading/NVComp with ZSTD/build/test_basic_profile"
Directory: /mnt/d/Research Experiments/TDPE_and_GPU_loading/NVComp with ZSTD/build
"test_basic_profile" start time: Nov 12 06:18 UTC
Output:
----------------------------------------------------------
CUDA Zstandard Profiling Test
==============================

Device: NVIDIA GeForce RTX 5080 Laptop GPU
Compute Capability: 12.0

Processing 10 MB of data

Host->Device transfer: 3.38749 ms
Kernel execution: 4.02998 ms
Device->Host transfer: 3.89504 ms

Total time: 11.3125 ms
Throughput: 883.977 MB/s

Basic profiling test completed successfully.
For detailed profiling, run with: nvprof ./profile_test
Or: nsys profile --stats=true ./profile_test
<end of output>
Test time =   0.67 sec
----------------------------------------------------------
Test Passed.
"test_basic_profile" end time: Nov 12 06:18 UTC
"test_basic_profile" time elapsed: 00:00:00
----------------------------------------------------------

3/14 Testing: test_correctness
3/14 Test: test_correctness
Command: "/mnt/d/Research Experiments/TDPE_and_GPU_loading/NVComp with ZSTD/build/test_correctness"
Directory: /mnt/d/Research Experiments/TDPE_and_GPU_loading/NVComp with ZSTD/build
"test_correctness" start time: Nov 12 06:18 UTC
Output:
----------------------------------------------------------

========================================
CUDA ZSTD - Correctness & Compliance Test Suite
========================================

Running on: NVIDIA GeForce RTX 5080 Laptop GPU
Compute Capability: 12.0

========================================
SUITE 1: Round-trip Validation
========================================

[TEST] Identity Property: decompress(compress(data)) == data
  [FAIL] test_identity_property: Compression failed

[TEST] Random Inputs Round-trip (1000 tests)
<end of output>
Test time =   4.51 sec
----------------------------------------------------------
Test Failed.
"test_correctness" end time: Nov 12 06:18 UTC
"test_correctness" time elapsed: 00:00:04
----------------------------------------------------------

4/14 Testing: test_dictionary
4/14 Test: test_dictionary
Command: "/mnt/d/Research Experiments/TDPE_and_GPU_loading/NVComp with ZSTD/build/test_dictionary"
Directory: /mnt/d/Research Experiments/TDPE_and_GPU_loading/NVComp with ZSTD/build
"test_dictionary" start time: Nov 12 06:18 UTC
Output:
----------------------------------------------------------

========================================
  Test: Dictionary Training & Usage
========================================

Creating training samples...
Training dictionary (32KB)...
  âœ— FAILED: Dictionary training failed.
<end of output>
Test time =   1.17 sec
----------------------------------------------------------
Test Failed.
"test_dictionary" end time: Nov 12 06:19 UTC
"test_dictionary" time elapsed: 00:00:01
----------------------------------------------------------

5/14 Testing: test_dictionary_compression
5/14 Test: test_dictionary_compression
Command: "/mnt/d/Research Experiments/TDPE_and_GPU_loading/NVComp with ZSTD/build/test_dictionary_compression"
Directory: /mnt/d/Research Experiments/TDPE_and_GPU_loading/NVComp with ZSTD/build
"test_dictionary_compression" start time: Nov 12 06:19 UTC
Output:
----------------------------------------------------------

==================================================
  Test: Dictionary Compression Feature
==================================================

--- Dictionary Training ---
  [1;31mâœ— FAILED[0m: Dictionary training failed.
<end of output>
Test time =   1.02 sec
----------------------------------------------------------
Test Failed.
"test_dictionary_compression" end time: Nov 12 06:19 UTC
"test_dictionary_compression" time elapsed: 00:00:01
----------------------------------------------------------

6/14 Testing: test_error_handling
6/14 Test: test_error_handling
Command: "/mnt/d/Research Experiments/TDPE_and_GPU_loading/NVComp with ZSTD/build/test_error_handling"
Directory: /mnt/d/Research Experiments/TDPE_and_GPU_loading/NVComp with ZSTD/build
"test_error_handling" start time: Nov 12 06:19 UTC
Output:
----------------------------------------------------------

========================================
CUDA ZSTD - Error Handling Test Suite
========================================

Running on: NVIDIA GeForce RTX 5080 Laptop GPU
CUDA Version: 12080

========================================
SUITE 1: Error Code Coverage
========================================

[TEST] All Error Code Messages
  [INFO] Testing 18 error codes
  [INFO] Status::SUCCESS (0)
  [INFO] Status::ERROR_INVALID_PARAMETER (2)
  [INFO] Status::ERROR_BUFFER_TOO_SMALL (7)
  [INFO] Status::ERROR_OUT_OF_MEMORY (3)
  [INFO] Status::ERROR_COMPRESSION (12)
  [INFO] Status::ERROR_DECOMPRESSION (13)
  [INFO] Status::ERROR_CORRUPT_DATA (6)
  [INFO] Status::ERROR_UNSUPPORTED_VERSION (8)
  [INFO] Status::ERROR_DICTIONARY_MISMATCH (9)
  [INFO] Status::ERROR_CUDA_ERROR (4)
  [INFO] Status::UNKNOWN_ERROR (19)
  [INFO] Status::UNKNOWN_ERROR (20)
  [INFO] Status::UNKNOWN_ERROR (21)
  [INFO] Status::UNKNOWN_ERROR (22)
  [INFO] Status::UNKNOWN_ERROR (23)
  [INFO] Status::UNKNOWN_ERROR (24)
  [INFO] Status::UNKNOWN_ERROR (25)
  [INFO] Status::UNKNOWN_ERROR (26)
  [PASS] All Error Code Messages

[TEST] Error Message Validation
  [INFO] Error messages are descriptive
  [PASS] Error Message Validation

========================================
SUITE 2: Input Validation
========================================

[TEST] Null Pointer Detection
  [INFO] âœ“ Null input detected
  [INFO] âœ“ Null output detected
  [INFO] âœ“ Null size pointer detected
  [INFO] âœ“ Null workspace detected
  [PASS] Null Pointer Detection

[TEST] Invalid Size Parameters
  [INFO] âœ“ Zero input size detected
  [FAIL] test_invalid_size_parameters: Huge size should fail Got: ERROR_BUFFER_TOO_SMALL

[TEST] Invalid Compression Levels
  [INFO] âœ“ Level 0 rejected
  [INFO] âœ“ Level 23 rejected
  [INFO] âœ“ Negative level rejected
  [INFO] âœ“ Large level rejected
  [INFO] âœ“ All valid levels (1-22) accepted
  [PASS] Invalid Compression Levels

[TEST] Invalid Workspace Size
  [INFO] Required workspace: 1048576 bytes
  [INFO] âœ“ Insufficient workspace detected
  [FAIL] test_invalid_workspace_size: Sufficient workspace should succeed

[TEST] Corrupted Frame Header Detection
  [FAIL] test_corrupted_frame_headers: Invalid magic number should fail Got: ERROR_INVALID_PARAMETER
<end of output>
Test time =   4.37 sec
----------------------------------------------------------
Test Failed.
"test_error_handling" end time: Nov 12 06:19 UTC
"test_error_handling" time elapsed: 00:00:04
----------------------------------------------------------

7/14 Testing: test_fse_advanced
7/14 Test: test_fse_advanced
Command: "/mnt/d/Research Experiments/TDPE_and_GPU_loading/NVComp with ZSTD/build/test_fse_advanced"
Directory: /mnt/d/Research Experiments/TDPE_and_GPU_loading/NVComp with ZSTD/build
"test_fse_advanced" start time: Nov 12 06:19 UTC
Output:
----------------------------------------------------------
test_fse_advanced: /mnt/d/Research Experiments/TDPE_and_GPU_loading/NVComp with ZSTD/tests/test_fse_advanced.cu:38: void test_bit_exact_fse_roundtrip(): Assertion `decoded_size == data_size' failed.
<end of output>
Test time =   3.82 sec
----------------------------------------------------------
Test Failed.
"test_fse_advanced" end time: Nov 12 06:19 UTC
"test_fse_advanced" time elapsed: 00:00:03
----------------------------------------------------------

8/14 Testing: test_integration
8/14 Test: test_integration
Command: "/mnt/d/Research Experiments/TDPE_and_GPU_loading/NVComp with ZSTD/build/test_integration"
Directory: /mnt/d/Research Experiments/TDPE_and_GPU_loading/NVComp with ZSTD/build
"test_integration" start time: Nov 12 06:19 UTC
Output:
----------------------------------------------------------

========================================
CUDA ZSTD - Integration & Stress Test Suite
========================================

Running on: NVIDIA GeForce RTX 5080 Laptop GPU
Total Memory: 16302 MB

========================================
SUITE 1: End-to-End Pipeline Tests
========================================

[TEST] Complete Compression Pipeline
  [INFO] Testing complete pipeline: input -> compress -> decompress -> verify
  [FAIL] test_complete_compression_pipeline: Compression failed

[TEST] Dictionary Integration
  [FAIL] test_dictionary_integration: Dictionary training failed

[TEST] Batch Processing with Memory Pool
  [INFO] Processing 10 items of 64 KB each
  [FAIL] test_batch_processing_with_memory_pool: Batch compression failed
<end of output>
Test time =   3.99 sec
----------------------------------------------------------
Test Failed.
"test_integration" end time: Nov 12 06:19 UTC
"test_integration" time elapsed: 00:00:03
----------------------------------------------------------

9/14 Testing: test_memory_pool
9/14 Test: test_memory_pool
Command: "/mnt/d/Research Experiments/TDPE_and_GPU_loading/NVComp with ZSTD/build/test_memory_pool"
Directory: /mnt/d/Research Experiments/TDPE_and_GPU_loading/NVComp with ZSTD/build
"test_memory_pool" start time: Nov 12 06:19 UTC
Output:
----------------------------------------------------------

========================================
CUDA ZSTD - Memory Pool Manager Test Suite
========================================

Running on: NVIDIA GeForce RTX 5080 Laptop GPU
Total GPU Memory: 16302 MB

========================================
SUITE 1: Basic Functionality
========================================

[TEST] Basic Allocation and Deallocation
  [INFO] Allocated 4 KB at 0x90ba00000
  [INFO] Allocated 16 KB at 0x90ba04000
  [INFO] Allocated 64 KB at 0x90ba14000
  [INFO] Allocated 256 KB at 0x90ba54000
  [INFO] Allocated 1024 KB at 0x90bc00000
  [INFO] Allocated 4096 KB at 0x90c000000
  [INFO] Total allocations: 6
  [INFO] Total deallocations: 6
  [INFO] Cache hits: 0
  [INFO] Cache misses: 6
  [PASS] Basic Allocation and Deallocation

[TEST] Pool Reuse (Cache Hit Testing)
  [INFO] Cache hits before: 0
  [INFO] Cache hits after: 1
  [INFO] Hit rate: 50.0%
  [PASS] Pool Reuse

[TEST] Pool Growth When Exhausted
  [INFO] Allocating 100 blocks of 16 KB
  [INFO] Pool grows: 5
  [INFO] Total pool capacity: 2 MB
  [INFO] Current memory usage: 2 MB
  [INFO] Peak memory usage: 2 MB
  [PASS] Pool Growth

[TEST] Thread-Safe Concurrent Allocations
  [INFO] Testing with 4 threads
  [INFO] Each allocating 50 blocks
  [INFO] Successful allocations: 200
  [INFO] Total allocations: 200
  [INFO] Total deallocations: 200
  [PASS] Concurrent Allocations

[TEST] Stream-Based Async Allocations
  [INFO] Allocating with 4 different streams
  [INFO] Stream 0: allocated 256 KB
  [INFO] Stream 1: allocated 256 KB
  [INFO] Stream 2: allocated 256 KB
  [INFO] Stream 3: allocated 256 KB
  [INFO] Total async allocations: 4
  [PASS] Stream-Based Allocations

========================================
SUITE 2: Performance Tests
========================================

[TEST] Allocation Overhead Comparison
  [INFO] Comparing 1000 allocations/deallocations
  [INFO] Block size: 1024 KB
  [INFO] Pool time: 1.67 ms
  [INFO] Direct cudaMalloc time: 851.09 ms
  [INFO] Speedup: 509.66x
  [INFO] Cache hit rate: 99.9%
  [PASS] Allocation Overhead

[TEST] Cache Hit Rate Measurement
  [INFO] Running 100 allocation/deallocation cycles
  [INFO] Cache hits: 100
  [INFO] Cache misses: 0
  [INFO] Hit rate: 100.0%
  [PASS] Cache Hit Rate

[TEST] Peak Memory Usage Tracking
  [INFO] Allocated 4 KB, current: 16 KB, peak: 16 KB
  [INFO] Allocated 16 KB, current: 80 KB, peak: 80 KB
  [INFO] Allocated 64 KB, current: 336 KB, peak: 336 KB
  [INFO] Allocated 256 KB, current: 1360 KB, peak: 1360 KB
  [INFO] Allocated 1024 KB, current: 5456 KB, peak: 5456 KB
  [INFO] Final peak memory: 5 MB
  [INFO] After partial deallocation - current: 5456 KB, peak: 5456 KB
  [PASS] Peak Memory Tracking

========================================
SUITE 3: Stress Tests
========================================

[TEST] Stress Test: 10000+ Allocations
  [INFO] Allocating 10000 random-sized blocks
  [INFO] Progress: 2000/10000
  [INFO] Progress: 4000/10000
  [INFO] Progress: 6000/10000
  [INFO] Progress: 8000/10000
  [INFO] Progress: 10000/10000
  [INFO] Allocated 10000 blocks in 285.90 ms
  [INFO] Average: 0.029 ms per allocation
  [INFO] Peak memory: 495 MB
  [INFO] Cache hit rate: 99.7%
  [PASS] Many Allocations

[TEST] Random Allocation/Deallocation Pattern
  [INFO] Running 5000 random operations
  [INFO] After 1000 ops: 10 active, hit rate: 98.4%
  [INFO] After 2000 ops: 12 active, hit rate: 99.0%
  [INFO] After 3000 ops: 46 active, hit rate: 99.3%
  [INFO] After 4000 ops: 24 active, hit rate: 99.5%
  [INFO] After 5000 ops: 52 active, hit rate: 99.5%
  [INFO] Final stats - Allocations: 2526, Deallocations: 2526
  [PASS] Random Allocation Pattern

[TEST] Memory Leak Detection
  [INFO] Initial current memory: 0 KB
  [INFO] Final current memory: 9920 KB
  [INFO] Allocations: 1000
  [INFO] Deallocations: 1000
  [PASS] Memory Leak Detection

[TEST] Out-of-Memory Handling
  [INFO] Pool limit set to 100 MB
  [INFO] Allocated block 0 (10 MB total)
  [INFO] Allocated block 1 (20 MB total)
  [INFO] Allocated block 2 (30 MB total)
  [INFO] Allocated block 3 (40 MB total)
  [INFO] Allocated block 4 (50 MB total)
  [INFO] Allocated block 5 (60 MB total)
  [INFO] Allocated block 6 (70 MB total)
  [INFO] Allocated block 7 (80 MB total)
  [INFO] Allocated block 8 (90 MB total)
  [INFO] Allocated block 9 (100 MB total)
  [INFO] Allocated block 10 (110 MB total)
  [INFO] Allocated block 11 (120 MB total)
  [INFO] Allocated block 12 (130 MB total)
  [INFO] Allocated block 13 (140 MB total)
  [INFO] Allocated block 14 (150 MB total)
  [INFO] Allocated block 15 (160 MB total)
  [INFO] Allocated block 16 (170 MB total)
  [INFO] Allocated block 17 (180 MB total)
  [INFO] Allocated block 18 (190 MB total)
  [INFO] Allocated block 19 (200 MB total)
  [FAIL] test_out_of_memory_handling: Should not exceed memory limit

========================================
TEST RESULTS
========================================
Passed: 11/12
Failed: 1/12

âœ— SOME TESTS FAILED
========================================

<end of output>
Test time =   2.33 sec
----------------------------------------------------------
Test Failed.
"test_memory_pool" end time: Nov 12 06:19 UTC
"test_memory_pool" time elapsed: 00:00:02
----------------------------------------------------------

10/14 Testing: test_metadata_roundtrip
10/14 Test: test_metadata_roundtrip
Command: "/mnt/d/Research Experiments/TDPE_and_GPU_loading/NVComp with ZSTD/build/test_metadata_roundtrip"
Directory: /mnt/d/Research Experiments/TDPE_and_GPU_loading/NVComp with ZSTD/build
"test_metadata_roundtrip" start time: Nov 12 06:19 UTC
Output:
----------------------------------------------------------

======================================================================
CUDA ZSTD - Frame Header Metadata Test
======================================================================

CUDA Device: NVIDIA GeForce RTX 5080 Laptop GPU
Compute Capability: 12.0
Total Memory: 16302 MB


======================================================================
TEST: RFC 8878 Frame Header Metadata Roundtrip
======================================================================

[1] Created test data: 8192 bytes
    Pattern: 0x00, 0x01, 0x02, ..., 0xFF (repeating)

[2] Allocated GPU memory:
    Input buffer: 8192 bytes
    Compressed buffer: 16384 bytes
    Decompressed buffer: 8192 bytes

[3] Copied input data to GPU

[4] Created compression manager (level 5)

[5] Allocated compression workspace: 1048576 bytes

[6] COMPRESSION PHASE:
    Compressing 8192 bytes...
 âœ— FAILED: Compression failed with status 4

âœ“ All tests completed

<end of output>
Test time =   1.18 sec
----------------------------------------------------------
Test Passed.
"test_metadata_roundtrip" end time: Nov 12 06:19 UTC
"test_metadata_roundtrip" time elapsed: 00:00:01
----------------------------------------------------------

11/14 Testing: test_nvcomp_batch
11/14 Test: test_nvcomp_batch
Command: "/mnt/d/Research Experiments/TDPE_and_GPU_loading/NVComp with ZSTD/build/test_nvcomp_batch"
Directory: /mnt/d/Research Experiments/TDPE_and_GPU_loading/NVComp with ZSTD/build
"test_nvcomp_batch" start time: Nov 12 06:19 UTC
Output:
----------------------------------------------------------

========================================
  Test: NvcompV5BatchManager C++ API
========================================

Created NvcompV5BatchManager with level 5
Allocated 8192 KB temp workspace.
Compressing batch of 8 items...
  âœ— FAILED: Batch compress returned ERROR_CUDA_ERROR
<end of output>
Test time =   1.14 sec
----------------------------------------------------------
Test Failed.
"test_nvcomp_batch" end time: Nov 12 06:19 UTC
"test_nvcomp_batch" time elapsed: 00:00:01
----------------------------------------------------------

12/14 Testing: test_performance
12/14 Test: test_performance
Command: "/mnt/d/Research Experiments/TDPE_and_GPU_loading/NVComp with ZSTD/build/test_performance"
Directory: /mnt/d/Research Experiments/TDPE_and_GPU_loading/NVComp with ZSTD/build
"test_performance" start time: Nov 12 06:19 UTC
Output:
----------------------------------------------------------

========================================
CUDA ZSTD - Performance & Profiling Test Suite
========================================

Running on: NVIDIA GeForce RTX 5080 Laptop GPU
Memory: 16302 MB
Memory Clock: 14001 MHz

========================================
SUITE 1: Component Timing
========================================

[TEST] Compression Timing Breakdown
  [FAIL] test_compression_timing_breakdown: Compression failed

[TEST] Decompression Timing
  [FAIL] test_decompression_timing: Compression failed
<end of output>
Test time =   3.49 sec
----------------------------------------------------------
Test Failed.
"test_performance" end time: Nov 12 06:19 UTC
"test_performance" time elapsed: 00:00:03
----------------------------------------------------------

13/14 Testing: test_roundtrip
13/14 Test: test_roundtrip
Command: "/mnt/d/Research Experiments/TDPE_and_GPU_loading/NVComp with ZSTD/build/test_roundtrip"
Directory: /mnt/d/Research Experiments/TDPE_and_GPU_loading/NVComp with ZSTD/build
"test_roundtrip" start time: Nov 12 06:19 UTC
Output:
----------------------------------------------------------

========================================
  Test: Round-Trip (Compress/Decompress)
========================================

Compressing 1MB with level 5...
  âœ— FAILED: Compression returned ERROR_CUDA_ERROR
<end of output>
Test time =   1.13 sec
----------------------------------------------------------
Test Failed.
"test_roundtrip" end time: Nov 12 06:19 UTC
"test_roundtrip" time elapsed: 00:00:01
----------------------------------------------------------

14/14 Testing: test_streaming
14/14 Test: test_streaming
Command: "/mnt/d/Research Experiments/TDPE_and_GPU_loading/NVComp with ZSTD/build/test_streaming"
Directory: /mnt/d/Research Experiments/TDPE_and_GPU_loading/NVComp with ZSTD/build
"test_streaming" start time: Nov 12 06:19 UTC
Output:
----------------------------------------------------------

========================================
CUDA ZSTD - Streaming Compression Test Suite
========================================

Running on: NVIDIA GeForce RTX 5080 Laptop GPU
Compute Capability: 12.0

========================================
SUITE 1: Basic Streaming Tests
========================================

[TEST] Single Chunk Streaming
  [INFO] Input size: 65536 bytes
  [FAIL] test_single_chunk_streaming: compress_chunk failed Status: ERROR_INVALID_PARAMETER

[TEST] Multi-Chunk Streaming (5 chunks)
  [INFO] Chunk size: 16384 bytes
  [INFO] Number of chunks: 5
  [INFO] Total size: 81920 bytes
  [FAIL] test_multi_chunk_streaming: compress_chunk 0 failed Status: ERROR_INVALID_PARAMETER

[TEST] Variable Chunk Sizes
  [INFO] Testing with 5 chunks of varying sizes
  [INFO] Total size: 88064 bytes
  [FAIL] test_variable_chunk_sizes: Variable chunk 0 compression failed Status: ERROR_INVALID_PARAMETER

========================================
SUITE 2: Window Management Tests
========================================

[TEST] Cross-Chunk LZ77 Matching
  [INFO] Testing cross-chunk pattern matching
  [INFO] Pattern: "This pattern repeats across chunks! "
  [INFO] Chunk size: 8192 bytes
  [FAIL] test_cross_chunk_matching: Cross-chunk compression failed at chunk 0 Status: ERROR_INVALID_PARAMETER

========================================
SUITE 3: Edge Cases
========================================

[TEST] Very Small Chunks (<100 bytes)
  [INFO] Testing chunk size: 1 bytes
  [FAIL] test_very_small_chunks: Tiny chunk compression failed for size 1 Status: ERROR_INVALID_PARAMETER

[TEST] Large File Streaming (10MB in 100 chunks)
  [INFO] Total size: 9 MB
  [INFO] Chunk size: 100 KB
  [INFO] Number of chunks: 100
  [FAIL] test_large_streaming: Large chunk 0 compression failed Status: ERROR_INVALID_PARAMETER

[TEST] Incompressible Data Streaming
  [INFO] Testing random (incompressible) data
  [FAIL] test_incompressible_data_streaming: Incompressible chunk 0 failed Status: ERROR_INVALID_PARAMETER

[TEST] Mixed Compressibility Across Chunks
  [INFO] Testing alternating data patterns
  [FAIL] test_mixed_compressibility: Mixed chunk 0 failed Status: ERROR_INVALID_PARAMETER

========================================
TEST RESULTS
========================================
Passed: 0/8
Failed: 8/8

âœ— SOME TESTS FAILED
========================================

<end of output>
Test time =   0.66 sec
----------------------------------------------------------
Test Failed.
"test_streaming" end time: Nov 12 06:19 UTC
"test_streaming" time elapsed: 00:00:00
----------------------------------------------------------

End testing: Nov 12 06:19 UTC
