Test project /mnt/d/Research Experiments/TDPE_and_GPU_loading/NVComp with ZSTD/build
      Start  1: test_adaptive_level
 1/32 Test  #1: test_adaptive_level .......................   Passed    0.56 sec
      Start  2: test_alternative_allocation_strategies
 2/32 Test  #2: test_alternative_allocation_strategies ....***Failed    0.52 sec
      Start  3: test_basic_profile
 3/32 Test  #3: test_basic_profile ........................   Passed    0.52 sec
      Start  4: test_comprehensive_fallback
 4/32 Test  #4: test_comprehensive_fallback ...............***Failed    0.66 sec
      Start  5: test_correctness
 5/32 Test  #5: test_correctness ..........................***Exception: SegFault  3.63 sec
      Start  6: test_dictionary
 6/32 Test  #6: test_dictionary ...........................***Exception: SegFault  3.69 sec
      Start  7: test_dictionary_compression
 7/32 Test  #7: test_dictionary_compression ...............***Exception: SegFault  3.41 sec
      Start  8: test_error_handling
 8/32 Test  #8: test_error_handling .......................***Exception: SegFault  3.40 sec
      Start  9: test_fallback_strategies
 9/32 Test  #9: test_fallback_strategies ..................***Failed    1.37 sec
      Start 10: test_find_matches_small
10/32 Test #10: test_find_matches_small ...................***Exception: SegFault  4.04 sec
      Start 11: test_fse_advanced
11/32 Test #11: test_fse_advanced .........................***Exception: SegFault  4.01 sec
      Start 12: test_fse_advanced_function
12/32 Test #12: test_fse_advanced_function ................Subprocess aborted***Exception:   3.99 sec
      Start 13: test_integration
13/32 Test #13: test_integration ..........................***Exception: SegFault  3.55 sec
      Start 14: test_memory_pool
14/32 Test #14: test_memory_pool ..........................***Exception: SegFault  4.32 sec
      Start 15: test_memory_pool_deallocate_timeout
15/32 Test #15: test_memory_pool_deallocate_timeout .......   Passed    1.22 sec
      Start 16: test_memory_pool_double_free
